0 info it worked if it ends with ok
1 verbose cli [ '/usr/bin/nodejs', '/usr/bin/npm', 'run', 'start' ]
2 info using npm@3.10.10
3 info using node@v6.10.0
4 verbose run-script [ 'prestart', 'start', 'poststart' ]
5 info lifecycle angulate2-quickstart@0.1.0~prestart: angulate2-quickstart@0.1.0
6 silly lifecycle angulate2-quickstart@0.1.0~prestart: no script for prestart, continuing
7 info lifecycle angulate2-quickstart@0.1.0~start: angulate2-quickstart@0.1.0
8 verbose lifecycle angulate2-quickstart@0.1.0~start: unsafe-perm in lifecycle true
9 verbose lifecycle angulate2-quickstart@0.1.0~start: PATH: /usr/lib/node_modules/npm/bin/node-gyp-bin:/home/dg/git/quizleague/js/node_modules/.bin:/home/dg/bin:/home/dg/.local/bin:/usr/local/sbin:/usr/local/bin:/usr/sbin:/usr/bin:/sbin:/bin:/usr/games:/usr/local/games:/snap/bin
10 verbose lifecycle angulate2-quickstart@0.1.0~start: CWD: /home/dg/git/quizleague/js
11 silly lifecycle angulate2-quickstart@0.1.0~start: Args: [ '-c', 'lite-server' ]
12 silly lifecycle angulate2-quickstart@0.1.0~start: Returned: code: 137  signal: null
13 info lifecycle angulate2-quickstart@0.1.0~start: Failed to exec start script
14 verbose stack Error: angulate2-quickstart@0.1.0 start: `lite-server`
14 verbose stack Exit status 137
14 verbose stack     at EventEmitter.<anonymous> (/usr/lib/node_modules/npm/lib/utils/lifecycle.js:255:16)
14 verbose stack     at emitTwo (events.js:106:13)
14 verbose stack     at EventEmitter.emit (events.js:191:7)
14 verbose stack     at ChildProcess.<anonymous> (/usr/lib/node_modules/npm/lib/utils/spawn.js:40:14)
14 verbose stack     at emitTwo (events.js:106:13)
14 verbose stack     at ChildProcess.emit (events.js:191:7)
14 verbose stack     at maybeClose (internal/child_process.js:877:16)
14 verbose stack     at Process.ChildProcess._handle.onexit (internal/child_process.js:226:5)
15 verbose pkgid angulate2-quickstart@0.1.0
16 verbose cwd /home/dg/git/quizleague/js
17 error Linux 4.8.0-39-generic
18 error argv "/usr/bin/nodejs" "/usr/bin/npm" "run" "start"
19 error node v6.10.0
20 error npm  v3.10.10
21 error code ELIFECYCLE
22 error angulate2-quickstart@0.1.0 start: `lite-server`
22 error Exit status 137
23 error Failed at the angulate2-quickstart@0.1.0 start script 'lite-server'.
23 error Make sure you have the latest version of node.js and npm installed.
23 error If you do, this is most likely a problem with the angulate2-quickstart package,
23 error not with npm itself.
23 error Tell the author that this fails on your system:
23 error     lite-server
23 error You can get information on how to open an issue for this project with:
23 error     npm bugs angulate2-quickstart
23 error Or if that isn't available, you can get their info via:
23 error     npm owner ls angulate2-quickstart
23 error There is likely additional logging output above.
24 verbose exit [ 1, true ]
